Determining if the function cblas_ddot exists failed with the following output:
Change Dir: /home/flakhal/university/3dsmc-team/3dsmc-env/3DSMC-Face-Reconstruction-Cloned/3DSMC-Face-Reconstruction/cmake-build-debug/CMakeFiles/CMakeTmp

Run Build Command(s):/usr/bin/gmake -f Makefile cmTC_cfac4/fast && /usr/bin/gmake  -f CMakeFiles/cmTC_cfac4.dir/build.make CMakeFiles/cmTC_cfac4.dir/build
gmake[1]: Entering directory '/home/flakhal/university/3dsmc-team/3dsmc-env/3DSMC-Face-Reconstruction-Cloned/3DSMC-Face-Reconstruction/cmake-build-debug/CMakeFiles/CMakeTmp'
Building C object CMakeFiles/cmTC_cfac4.dir/CheckFunctionExists.c.o
/usr/bin/cc   -DCHECK_FUNCTION_EXISTS=cblas_ddot -o CMakeFiles/cmTC_cfac4.dir/CheckFunctionExists.c.o -c /usr/share/cmake-3.22/Modules/CheckFunctionExists.c
Linking C executable cmTC_cfac4
/usr/bin/cmake -E cmake_link_script CMakeFiles/cmTC_cfac4.dir/link.txt --verbose=1
/usr/bin/cc  -DCHECK_FUNCTION_EXISTS=cblas_ddot CMakeFiles/cmTC_cfac4.dir/CheckFunctionExists.c.o -o cmTC_cfac4 
/usr/bin/ld: CMakeFiles/cmTC_cfac4.dir/CheckFunctionExists.c.o: in function `main':
CheckFunctionExists.c:(.text+0x14): undefined reference to `cblas_ddot'
collect2: error: ld returned 1 exit status
gmake[1]: *** [CMakeFiles/cmTC_cfac4.dir/build.make:99: cmTC_cfac4] Error 1
gmake[1]: Leaving directory '/home/flakhal/university/3dsmc-team/3dsmc-env/3DSMC-Face-Reconstruction-Cloned/3DSMC-Face-Reconstruction/cmake-build-debug/CMakeFiles/CMakeTmp'
gmake: *** [Makefile:127: cmTC_cfac4/fast] Error 2



Determining if the function sgesv exists failed with the following output:
Change Dir: /home/flakhal/university/3dsmc-team/3dsmc-env/3DSMC-Face-Reconstruction-Cloned/3DSMC-Face-Reconstruction/cmake-build-debug/CMakeFiles/CMakeTmp

Run Build Command(s):/usr/bin/gmake -f Makefile cmTC_6b3b9/fast && /usr/bin/gmake  -f CMakeFiles/cmTC_6b3b9.dir/build.make CMakeFiles/cmTC_6b3b9.dir/build
gmake[1]: Entering directory '/home/flakhal/university/3dsmc-team/3dsmc-env/3DSMC-Face-Reconstruction-Cloned/3DSMC-Face-Reconstruction/cmake-build-debug/CMakeFiles/CMakeTmp'
Building C object CMakeFiles/cmTC_6b3b9.dir/CheckFunctionExists.c.o
/usr/bin/cc   -DCHECK_FUNCTION_EXISTS=sgesv -o CMakeFiles/cmTC_6b3b9.dir/CheckFunctionExists.c.o -c /usr/share/cmake-3.22/Modules/CheckFunctionExists.c
Linking C executable cmTC_6b3b9
/usr/bin/cmake -E cmake_link_script CMakeFiles/cmTC_6b3b9.dir/link.txt --verbose=1
/usr/bin/cc  -DCHECK_FUNCTION_EXISTS=sgesv CMakeFiles/cmTC_6b3b9.dir/CheckFunctionExists.c.o -o cmTC_6b3b9  /usr/lib/x86_64-linux-gnu/liblapack.so 
/usr/bin/ld: CMakeFiles/cmTC_6b3b9.dir/CheckFunctionExists.c.o: in function `main':
CheckFunctionExists.c:(.text+0x14): undefined reference to `sgesv'
collect2: error: ld returned 1 exit status
gmake[1]: *** [CMakeFiles/cmTC_6b3b9.dir/build.make:100: cmTC_6b3b9] Error 1
gmake[1]: Leaving directory '/home/flakhal/university/3dsmc-team/3dsmc-env/3DSMC-Face-Reconstruction-Cloned/3DSMC-Face-Reconstruction/cmake-build-debug/CMakeFiles/CMakeTmp'
gmake: *** [Makefile:127: cmTC_6b3b9/fast] Error 2



Determining if the function sgetrf_single exists failed with the following output:
Change Dir: /home/flakhal/university/3dsmc-team/3dsmc-env/3DSMC-Face-Reconstruction-Cloned/3DSMC-Face-Reconstruction/cmake-build-debug/CMakeFiles/CMakeTmp

Run Build Command(s):/usr/bin/gmake -f Makefile cmTC_8e128/fast && gmake[1]: Entering directory '/home/flakhal/university/3dsmc-team/3dsmc-env/3DSMC-Face-Reconstruction-Cloned/3DSMC-Face-Reconstruction/cmake-build-debug/CMakeFiles/CMakeTmp'
/usr/bin/gmake  -f CMakeFiles/cmTC_8e128.dir/build.make CMakeFiles/cmTC_8e128.dir/build
gmake[2]: Entering directory '/home/flakhal/university/3dsmc-team/3dsmc-env/3DSMC-Face-Reconstruction-Cloned/3DSMC-Face-Reconstruction/cmake-build-debug/CMakeFiles/CMakeTmp'
Building C object CMakeFiles/cmTC_8e128.dir/CheckFunctionExists.c.o
/usr/bin/cc   -DCHECK_FUNCTION_EXISTS=sgetrf_single -o CMakeFiles/cmTC_8e128.dir/CheckFunctionExists.c.o -c /usr/share/cmake-3.22/Modules/CheckFunctionExists.c
Linking C executable cmTC_8e128
/usr/bin/cmake -E cmake_link_script CMakeFiles/cmTC_8e128.dir/link.txt --verbose=1
/usr/bin/cc  -DCHECK_FUNCTION_EXISTS=sgetrf_single CMakeFiles/cmTC_8e128.dir/CheckFunctionExists.c.o -o cmTC_8e128  /usr/lib/x86_64-linux-gnu/libcblas.so 
/usr/bin/ld: CMakeFiles/cmTC_8e128.dir/CheckFunctionExists.c.o: in function `main':
CheckFunctionExists.c:(.text+0x14): undefined reference to `sgetrf_single'
collect2: error: ld returned 1 exit status
gmake[2]: *** [CMakeFiles/cmTC_8e128.dir/build.make:100: cmTC_8e128] Error 1
gmake[2]: Leaving directory '/home/flakhal/university/3dsmc-team/3dsmc-env/3DSMC-Face-Reconstruction-Cloned/3DSMC-Face-Reconstruction/cmake-build-debug/CMakeFiles/CMakeTmp'
gmake[1]: *** [Makefile:127: cmTC_8e128/fast] Error 2
gmake[1]: Leaving directory '/home/flakhal/university/3dsmc-team/3dsmc-env/3DSMC-Face-Reconstruction-Cloned/3DSMC-Face-Reconstruction/cmake-build-debug/CMakeFiles/CMakeTmp'



