Determining if the function cblas_ddot exists failed with the following output:
Change Dir: /home/flakhal/university/3dsmc-team/3dsmc-env/3DSMC-Face-Reconstruction-Cloned/3DSMC-Face-Reconstruction/build/CMakeFiles/CMakeTmp

Run Build Command(s):/usr/bin/gmake -f Makefile cmTC_761d3/fast && /usr/bin/gmake  -f CMakeFiles/cmTC_761d3.dir/build.make CMakeFiles/cmTC_761d3.dir/build
gmake[1]: Entering directory '/home/flakhal/university/3dsmc-team/3dsmc-env/3DSMC-Face-Reconstruction-Cloned/3DSMC-Face-Reconstruction/build/CMakeFiles/CMakeTmp'
Building C object CMakeFiles/cmTC_761d3.dir/CheckFunctionExists.c.o
/usr/bin/gcc   -DCHECK_FUNCTION_EXISTS=cblas_ddot -o CMakeFiles/cmTC_761d3.dir/CheckFunctionExists.c.o -c /usr/share/cmake-3.22/Modules/CheckFunctionExists.c
Linking C executable cmTC_761d3
/usr/bin/cmake -E cmake_link_script CMakeFiles/cmTC_761d3.dir/link.txt --verbose=1
/usr/bin/gcc  -DCHECK_FUNCTION_EXISTS=cblas_ddot CMakeFiles/cmTC_761d3.dir/CheckFunctionExists.c.o -o cmTC_761d3 
/usr/bin/ld: CMakeFiles/cmTC_761d3.dir/CheckFunctionExists.c.o: in function `main':
CheckFunctionExists.c:(.text+0x14): undefined reference to `cblas_ddot'
collect2: error: ld returned 1 exit status
gmake[1]: *** [CMakeFiles/cmTC_761d3.dir/build.make:99: cmTC_761d3] Error 1
gmake[1]: Leaving directory '/home/flakhal/university/3dsmc-team/3dsmc-env/3DSMC-Face-Reconstruction-Cloned/3DSMC-Face-Reconstruction/build/CMakeFiles/CMakeTmp'
gmake: *** [Makefile:127: cmTC_761d3/fast] Error 2



Determining if the function sgesv exists failed with the following output:
Change Dir: /home/flakhal/university/3dsmc-team/3dsmc-env/3DSMC-Face-Reconstruction-Cloned/3DSMC-Face-Reconstruction/build/CMakeFiles/CMakeTmp

Run Build Command(s):/usr/bin/gmake -f Makefile cmTC_a8b21/fast && /usr/bin/gmake  -f CMakeFiles/cmTC_a8b21.dir/build.make CMakeFiles/cmTC_a8b21.dir/build
gmake[1]: Entering directory '/home/flakhal/university/3dsmc-team/3dsmc-env/3DSMC-Face-Reconstruction-Cloned/3DSMC-Face-Reconstruction/build/CMakeFiles/CMakeTmp'
Building C object CMakeFiles/cmTC_a8b21.dir/CheckFunctionExists.c.o
/usr/bin/gcc   -DCHECK_FUNCTION_EXISTS=sgesv -o CMakeFiles/cmTC_a8b21.dir/CheckFunctionExists.c.o -c /usr/share/cmake-3.22/Modules/CheckFunctionExists.c
Linking C executable cmTC_a8b21
/usr/bin/cmake -E cmake_link_script CMakeFiles/cmTC_a8b21.dir/link.txt --verbose=1
/usr/bin/gcc  -DCHECK_FUNCTION_EXISTS=sgesv CMakeFiles/cmTC_a8b21.dir/CheckFunctionExists.c.o -o cmTC_a8b21  /usr/lib/x86_64-linux-gnu/liblapack.so 
/usr/bin/ld: CMakeFiles/cmTC_a8b21.dir/CheckFunctionExists.c.o: in function `main':
CheckFunctionExists.c:(.text+0x14): undefined reference to `sgesv'
collect2: error: ld returned 1 exit status
gmake[1]: *** [CMakeFiles/cmTC_a8b21.dir/build.make:100: cmTC_a8b21] Error 1
gmake[1]: Leaving directory '/home/flakhal/university/3dsmc-team/3dsmc-env/3DSMC-Face-Reconstruction-Cloned/3DSMC-Face-Reconstruction/build/CMakeFiles/CMakeTmp'
gmake: *** [Makefile:127: cmTC_a8b21/fast] Error 2



Determining if the function sgetrf_single exists failed with the following output:
Change Dir: /home/flakhal/university/3dsmc-team/3dsmc-env/3DSMC-Face-Reconstruction-Cloned/3DSMC-Face-Reconstruction/build/CMakeFiles/CMakeTmp

Run Build Command(s):/usr/bin/gmake -f Makefile cmTC_8c2f5/fast && /usr/bin/gmake  -f CMakeFiles/cmTC_8c2f5.dir/build.make CMakeFiles/cmTC_8c2f5.dir/build
gmake[1]: Entering directory '/home/flakhal/university/3dsmc-team/3dsmc-env/3DSMC-Face-Reconstruction-Cloned/3DSMC-Face-Reconstruction/build/CMakeFiles/CMakeTmp'
Building C object CMakeFiles/cmTC_8c2f5.dir/CheckFunctionExists.c.o
/usr/bin/gcc   -DCHECK_FUNCTION_EXISTS=sgetrf_single -o CMakeFiles/cmTC_8c2f5.dir/CheckFunctionExists.c.o -c /usr/share/cmake-3.22/Modules/CheckFunctionExists.c
Linking C executable cmTC_8c2f5
/usr/bin/cmake -E cmake_link_script CMakeFiles/cmTC_8c2f5.dir/link.txt --verbose=1
/usr/bin/gcc  -DCHECK_FUNCTION_EXISTS=sgetrf_single CMakeFiles/cmTC_8c2f5.dir/CheckFunctionExists.c.o -o cmTC_8c2f5  /usr/lib/x86_64-linux-gnu/libcblas.so 
/usr/bin/ld: CMakeFiles/cmTC_8c2f5.dir/CheckFunctionExists.c.o: in function `main':
CheckFunctionExists.c:(.text+0x14): undefined reference to `sgetrf_single'
collect2: error: ld returned 1 exit status
gmake[1]: *** [CMakeFiles/cmTC_8c2f5.dir/build.make:100: cmTC_8c2f5] Error 1
gmake[1]: Leaving directory '/home/flakhal/university/3dsmc-team/3dsmc-env/3DSMC-Face-Reconstruction-Cloned/3DSMC-Face-Reconstruction/build/CMakeFiles/CMakeTmp'
gmake: *** [Makefile:127: cmTC_8c2f5/fast] Error 2



